<?xml version="1.0" encoding="UTF-8"?>
<testng-results ignored="0" total="1" passed="1" failed="0" skipped="0">
  <reporter-output>
    <line>
      <![CDATA[Se encontraron: 1.490 resultados]]>
    </line>
  </reporter-output>
  <suite started-at="2023-01-21T14:24:52 ART" name="MakingSenseExam" finished-at="2023-01-21T14:25:09 ART" duration-ms="16700">
    <groups>
    </groups>
    <test started-at="2023-01-21T14:24:52 ART" name="Mercado Libre Search for a car less than 2.000.000 and order by desc price" finished-at="2023-01-21T14:25:09 ART" duration-ms="16700">
      <class name="test.CodeChallengeTest">
        <test-method is-config="true" signature="tearUp()[pri:0, instance:test.CodeChallengeTest@235ecd9f]" started-at="2023-01-21T14:24:52 ART" name="tearUp" finished-at="2023-01-21T14:24:55 ART" duration-ms="2529" status="PASS">
          <reporter-output>
          </reporter-output>
        </test-method> <!-- tearUp -->
        <test-method signature="CodeChallengeTest()[pri:0, instance:test.CodeChallengeTest@235ecd9f]" started-at="2023-01-21T14:24:55 ART" name="CodeChallengeTest" finished-at="2023-01-21T14:25:08 ART" duration-ms="13526" status="PASS">
          <reporter-output>
            <line>
              <![CDATA[Se encontraron: 1.490 resultados]]>
            </line>
          </reporter-output>
        </test-method> <!-- CodeChallengeTest -->
        <test-method is-config="true" signature="tearDown()[pri:0, instance:test.CodeChallengeTest@235ecd9f]" started-at="2023-01-21T14:25:08 ART" name="tearDown" finished-at="2023-01-21T14:25:09 ART" duration-ms="625" status="PASS">
          <reporter-output>
          </reporter-output>
        </test-method> <!-- tearDown -->
      </class> <!-- test.CodeChallengeTest -->
    </test> <!-- Mercado Libre Search for a car less than 2.000.000 and order by desc price -->
  </suite> <!-- MakingSenseExam -->
</testng-results>
